PLUMED: PLUMED is starting
PLUMED: Version: 2.9.2 (git: Unknown) compiled on May 17 2026 at 07:51:39
PLUMED: Please cite these papers when using PLUMED [1][2]
PLUMED: For further information see the PLUMED web page at http://www.plumed.org
PLUMED: Root: /home/strandgate/miniconda3/envs/gromacs-fel/lib/plumed
PLUMED: For installed feature, see /home/strandgate/miniconda3/envs/gromacs-fel/lib/plumed/src/config/config.txt
PLUMED: Molecular dynamics engine: gromacs
PLUMED: Precision of reals: 4
PLUMED: Running over 1 node
PLUMED: Number of threads: 1
PLUMED: Cache line size: 512
PLUMED: Number of atoms: 2657
PLUMED: File suffix: 
PLUMED: FILE: plumed_2d.dat
PLUMED: Action PUCKERING
PLUMED:   with label puck
PLUMED:   between atoms 1 9 13 17 5 8
PLUMED:   added component to this action:  puck.qx 
PLUMED:   added component to this action:  puck.qy 
PLUMED:   added component to this action:  puck.qz 
PLUMED:   added component to this action:  puck.phi 
PLUMED:   added component to this action:  puck.theta 
PLUMED:   added component to this action:  puck.amplitude 
PLUMED:   Bibliography [3]
PLUMED: Action METAD
PLUMED:   with label metad
PLUMED:   with arguments puck.qx puck.qy
PLUMED:   added component to this action:  metad.bias 
PLUMED:   Gaussian width  0.020000 0.020000  Gaussian height 1.200000
PLUMED:   Gaussian deposition pace 500
PLUMED:   Gaussian file HILLS_2d
PLUMED:   Well-Tempered Bias Factor 15.000000
PLUMED:   Hills relaxation time (tau) 29.100617
PLUMED:   KbT 2.494339
PLUMED:   Grid min -0.12 -0.12
PLUMED:   Grid max 0.12 0.12
PLUMED:   Grid bin 100 100
PLUMED:   Grid uses spline interpolation
PLUMED:   Bibliography [4][5]
PLUMED: Action PRINT
PLUMED:   with label @2
PLUMED:   with stride 10
PLUMED:   with arguments puck.theta puck.phi puck.amplitude puck.qx puck.qy puck.qz metad.bias
PLUMED:   on file COLVAR_2d
PLUMED:   with format  %f
PLUMED: END FILE: plumed_2d.dat
PLUMED: Timestep: 0.002000
PLUMED: KbT: 2.494339
PLUMED: Relevant bibliography:
PLUMED:   [1] The PLUMED consortium, Nat. Methods 16, 670 (2019)
PLUMED:   [2] Tribello, Bonomi, Branduardi, Camilloni, and Bussi, Comput. Phys. Commun. 185, 604 (2014)
PLUMED:   [3] Cremer and Pople, J. Am. Chem. Soc. 97, 1354 (1975)
PLUMED:   [4] Laio and Parrinello, PNAS 99, 12562 (2002)
PLUMED:   [5] Barducci, Bussi, and Parrinello, Phys. Rev. Lett. 100, 020603 (2008)
PLUMED: Please read and cite where appropriate!
PLUMED: Finished setup
PLUMED:                                               Cycles        Total      Average      Minimum      Maximum
PLUMED:                                                    1   177.831574   177.831574   177.831574   177.831574
PLUMED: 1 Prepare dependencies                      10000001     2.671197     0.000000     0.000000     0.000197
PLUMED: 2 Sharing data                              10000001     3.433300     0.000000     0.000000     0.000197
PLUMED: 3 Waiting for data                          10000001     0.890944     0.000000     0.000000     0.000095
PLUMED: 4 Calculating (forward loop)                10000001    77.820885     0.000008     0.000007     0.000432
PLUMED: 5 Applying (backward loop)                  10000001    17.500788     0.000002     0.000001     0.000218
PLUMED: 6 Update                                    10000001    41.404882     0.000004     0.000000     0.003635
